[11-Jul-2025 11:55:19 UTC] PHP Warning:  require(C:\Users\joshi\Local Sites\modern-metals-wp\app\public/wp-content/themes/modern-metals/inc/customizer.php): Failed to open stream: No such file or directory in C:\Users\joshi\Local Sites\modern-metals-wp\app\public\wp-content\themes\modern-metals\functions.php on line 53
[11-Jul-2025 11:55:19 UTC] PHP Fatal error:  Uncaught Error: Failed opening required 'C:\Users\joshi\Local Sites\modern-metals-wp\app\public/wp-content/themes/modern-metals/inc/customizer.php' (include_path='.:/usr/share/php:/www/wp-content/pear') in C:\Users\joshi\Local Sites\modern-metals-wp\app\public\wp-content\themes\modern-metals\functions.php:53
Stack trace:
#0 C:\Users\joshi\Local Sites\modern-metals-wp\app\public\wp-settings.php(695): include()
#1 C:\Users\joshi\Local Sites\modern-metals-wp\app\public\wp-config.php(103): require_once('C:\\Users\\joshi\\...')
#2 C:\Users\joshi\Local Sites\modern-metals-wp\app\public\wp-load.php(50): require_once('C:\\Users\\joshi\\...')
#3 C:\Users\joshi\Local Sites\modern-metals-wp\app\public\wp-admin\admin-ajax.php(22): require_once('C:\\Users\\joshi\\...')
#4 {main}
  thrown in C:\Users\joshi\Local Sites\modern-metals-wp\app\public\wp-content\themes\modern-metals\functions.php on line 53
[11-Jul-2025 11:55:19 UTC] PHP Warning:  Trying to access array offset on value of type bool in C:\Users\joshi\Local Sites\modern-metals-wp\app\public\wp-includes\class-wp-recovery-mode-email-service.php on line 367
[11-Jul-2025 11:55:19 UTC] PHP Warning:  Trying to access array offset on value of type bool in C:\Users\joshi\Local Sites\modern-metals-wp\app\public\wp-includes\class-wp-recovery-mode-email-service.php on line 368
[11-Jul-2025 11:55:35 UTC] PHP Warning:  require(C:\Users\joshi\Local Sites\modern-metals-wp\app\public/wp-content/themes/modern-metals/inc/customizer.php): Failed to open stream: No such file or directory in C:\Users\joshi\Local Sites\modern-metals-wp\app\public\wp-content\themes\modern-metals\functions.php on line 53
[11-Jul-2025 11:55:35 UTC] PHP Fatal error:  Uncaught Error: Failed opening required 'C:\Users\joshi\Local Sites\modern-metals-wp\app\public/wp-content/themes/modern-metals/inc/customizer.php' (include_path='.:/usr/share/php:/www/wp-content/pear') in C:\Users\joshi\Local Sites\modern-metals-wp\app\public\wp-content\themes\modern-metals\functions.php:53
Stack trace:
#0 C:\Users\joshi\Local Sites\modern-metals-wp\app\public\wp-settings.php(695): include()
#1 C:\Users\joshi\Local Sites\modern-metals-wp\app\public\wp-config.php(103): require_once('C:\\Users\\joshi\\...')
#2 C:\Users\joshi\Local Sites\modern-metals-wp\app\public\wp-load.php(50): require_once('C:\\Users\\joshi\\...')
#3 C:\Users\joshi\Local Sites\modern-metals-wp\app\public\wp-admin\admin-ajax.php(22): require_once('C:\\Users\\joshi\\...')
#4 {main}
  thrown in C:\Users\joshi\Local Sites\modern-metals-wp\app\public\wp-content\themes\modern-metals\functions.php on line 53
[11-Jul-2025 12:00:19 UTC] PHP Warning:  Attempt to read property "title" on null in C:\Users\joshi\Local Sites\modern-metals-wp\app\public\wp-includes\class-wp-customize-widgets.php on line 926
[11-Jul-2025 12:12:25 UTC] PHP Warning:  Attempt to read property "title" on null in C:\Users\joshi\Local Sites\modern-metals-wp\app\public\wp-includes\class-wp-customize-widgets.php on line 926
[11-Jul-2025 14:10:15 UTC] PHP Warning:  Attempt to read property "title" on null in C:\Users\joshi\Local Sites\modern-metals-wp\app\public\wp-includes\class-wp-customize-widgets.php on line 926
[11-Jul-2025 14:11:44 UTC] PHP Warning:  Attempt to read property "title" on null in C:\Users\joshi\Local Sites\modern-metals-wp\app\public\wp-includes\class-wp-customize-widgets.php on line 926
[11-Jul-2025 14:31:00 UTC] PHP Warning:  Attempt to read property "title" on null in C:\Users\joshi\Local Sites\modern-metals-wp\app\public\wp-includes\class-wp-customize-widgets.php on line 926
[11-Jul-2025 14:33:19 UTC] PHP Warning:  Attempt to read property "title" on null in C:\Users\joshi\Local Sites\modern-metals-wp\app\public\wp-includes\class-wp-customize-widgets.php on line 926
