[11-Jul-2025 15:04:30 UTC] Modern Metals: Adding widget category
[11-Jul-2025 15:10:56 UTC] Modern Metals: Adding widget category
[11-Jul-2025 15:11:46 UTC] Modern Metals: Adding widget category
[11-Jul-2025 15:14:06 UTC] Modern Metals: Initializing Elementor widgets
[11-Jul-2025 15:14:06 UTC] Modern Metals: Looking for file at: C:\Users\joshi\Local Sites\modern-metals-wp\app\public/wp-content/themes/modern-metals/inc/elementor/elementor-init.php
[11-Jul-2025 15:14:06 UTC] Modern Metals: Including Elementor init file
[11-Jul-2025 15:14:06 UTC] Modern Metals: elementor-init.php loaded successfully
[11-Jul-2025 15:14:06 UTC] Modern Metals: Base widget class loaded
[11-Jul-2025 15:14:06 UTC] Modern Metals: Loaded widget file: hero-widget.php
[11-Jul-2025 15:14:06 UTC] Modern Metals: Loaded widget file: introduction-widget.php
[11-Jul-2025 15:14:06 UTC] Modern Metals: Loaded widget file: gallery-widget.php
[11-Jul-2025 15:14:06 UTC] Modern Metals: Loaded widget file: accordion-widget.php
[11-Jul-2025 15:14:06 UTC] Modern Metals: Loaded widget file: team-widget.php
[11-Jul-2025 15:14:06 UTC] Modern Metals: Loaded widget file: testimonials-widget.php
[11-Jul-2025 15:14:06 UTC] Modern Metals: Loaded widget file: contact-widget.php
[11-Jul-2025 15:14:06 UTC] Modern Metals: All hooks registered in elementor-init.php
[11-Jul-2025 15:14:18 UTC] Modern Metals: Initializing Elementor widgets
[11-Jul-2025 15:14:18 UTC] Modern Metals: Looking for file at: C:\Users\joshi\Local Sites\modern-metals-wp\app\public/wp-content/themes/modern-metals/inc/elementor/elementor-init.php
[11-Jul-2025 15:14:18 UTC] Modern Metals: Including Elementor init file
[11-Jul-2025 15:14:18 UTC] Modern Metals: elementor-init.php loaded successfully
[11-Jul-2025 15:14:18 UTC] Modern Metals: Base widget class loaded
[11-Jul-2025 15:14:18 UTC] Modern Metals: Loaded widget file: hero-widget.php
[11-Jul-2025 15:14:18 UTC] Modern Metals: Loaded widget file: introduction-widget.php
[11-Jul-2025 15:14:18 UTC] Modern Metals: Loaded widget file: gallery-widget.php
[11-Jul-2025 15:14:18 UTC] Modern Metals: Loaded widget file: accordion-widget.php
[11-Jul-2025 15:14:18 UTC] Modern Metals: Loaded widget file: team-widget.php
[11-Jul-2025 15:14:18 UTC] Modern Metals: Loaded widget file: testimonials-widget.php
[11-Jul-2025 15:14:18 UTC] Modern Metals: Loaded widget file: contact-widget.php
[11-Jul-2025 15:14:18 UTC] Modern Metals: All hooks registered in elementor-init.php
[11-Jul-2025 15:14:21 UTC] Modern Metals: Initializing Elementor widgets
[11-Jul-2025 15:14:21 UTC] Modern Metals: Looking for file at: C:\Users\joshi\Local Sites\modern-metals-wp\app\public/wp-content/themes/modern-metals/inc/elementor/elementor-init.php
[11-Jul-2025 15:14:21 UTC] Modern Metals: Including Elementor init file
[11-Jul-2025 15:14:21 UTC] Modern Metals: elementor-init.php loaded successfully
[11-Jul-2025 15:14:21 UTC] Modern Metals: Base widget class loaded
[11-Jul-2025 15:14:21 UTC] Modern Metals: Loaded widget file: hero-widget.php
[11-Jul-2025 15:14:21 UTC] Modern Metals: Loaded widget file: introduction-widget.php
[11-Jul-2025 15:14:21 UTC] Modern Metals: Loaded widget file: gallery-widget.php
[11-Jul-2025 15:14:21 UTC] Modern Metals: Loaded widget file: accordion-widget.php
[11-Jul-2025 15:14:21 UTC] Modern Metals: Loaded widget file: team-widget.php
[11-Jul-2025 15:14:21 UTC] Modern Metals: Loaded widget file: testimonials-widget.php
[11-Jul-2025 15:14:21 UTC] Modern Metals: Loaded widget file: contact-widget.php
[11-Jul-2025 15:14:21 UTC] Modern Metals: All hooks registered in elementor-init.php
[11-Jul-2025 15:14:38 UTC] Modern Metals: Initializing Elementor widgets
[11-Jul-2025 15:14:38 UTC] Modern Metals: Looking for file at: C:\Users\joshi\Local Sites\modern-metals-wp\app\public/wp-content/themes/modern-metals/inc/elementor/elementor-init.php
[11-Jul-2025 15:14:38 UTC] Modern Metals: Including Elementor init file
[11-Jul-2025 15:14:38 UTC] Modern Metals: elementor-init.php loaded successfully
[11-Jul-2025 15:14:38 UTC] Modern Metals: Base widget class loaded
[11-Jul-2025 15:14:38 UTC] Modern Metals: Loaded widget file: hero-widget.php
[11-Jul-2025 15:14:38 UTC] Modern Metals: Loaded widget file: introduction-widget.php
[11-Jul-2025 15:14:38 UTC] Modern Metals: Loaded widget file: gallery-widget.php
[11-Jul-2025 15:14:38 UTC] Modern Metals: Loaded widget file: accordion-widget.php
[11-Jul-2025 15:14:38 UTC] Modern Metals: Loaded widget file: team-widget.php
[11-Jul-2025 15:14:38 UTC] Modern Metals: Loaded widget file: testimonials-widget.php
[11-Jul-2025 15:14:38 UTC] Modern Metals: Loaded widget file: contact-widget.php
[11-Jul-2025 15:14:38 UTC] Modern Metals: All hooks registered in elementor-init.php
[11-Jul-2025 15:15:08 UTC] Modern Metals: Adding widget category
[11-Jul-2025 15:16:05 UTC] Modern Metals: Initializing Elementor widgets
[11-Jul-2025 15:16:05 UTC] Modern Metals: Looking for file at: C:\Users\joshi\Local Sites\modern-metals-wp\app\public/wp-content/themes/modern-metals/inc/elementor/elementor-init.php
[11-Jul-2025 15:16:05 UTC] Modern Metals: Including Elementor init file
[11-Jul-2025 15:16:05 UTC] Modern Metals: elementor-init.php loaded successfully
[11-Jul-2025 15:16:05 UTC] Modern Metals: Base widget class loaded
[11-Jul-2025 15:16:05 UTC] Modern Metals: Loaded widget file: hero-widget.php
[11-Jul-2025 15:16:05 UTC] Modern Metals: Loaded widget file: introduction-widget.php
[11-Jul-2025 15:16:05 UTC] Modern Metals: Loaded widget file: gallery-widget.php
[11-Jul-2025 15:16:05 UTC] Modern Metals: Loaded widget file: accordion-widget.php
[11-Jul-2025 15:16:05 UTC] Modern Metals: Loaded widget file: team-widget.php
[11-Jul-2025 15:16:05 UTC] Modern Metals: Loaded widget file: testimonials-widget.php
[11-Jul-2025 15:16:05 UTC] Modern Metals: Loaded widget file: contact-widget.php
[11-Jul-2025 15:16:05 UTC] Modern Metals: All hooks registered in elementor-init.php
[11-Jul-2025 15:16:31 UTC] PHP Warning:  Attempt to read property "title" on null in C:\Users\joshi\Local Sites\modern-metals-wp\app\public\wp-includes\class-wp-customize-widgets.php on line 926
[11-Jul-2025 15:16:38 UTC] PHP Warning:  Attempt to read property "title" on null in C:\Users\joshi\Local Sites\modern-metals-wp\app\public\wp-includes\class-wp-customize-widgets.php on line 926
[11-Jul-2025 15:16:43 UTC] PHP Warning:  Attempt to read property "title" on null in C:\Users\joshi\Local Sites\modern-metals-wp\app\public\wp-includes\class-wp-customize-widgets.php on line 926
[11-Jul-2025 15:17:17 UTC] Modern Metals: Initializing Elementor widgets
[11-Jul-2025 15:17:17 UTC] Modern Metals: Looking for file at: C:\Users\joshi\Local Sites\modern-metals-wp\app\public/wp-content/themes/modern-metals/inc/elementor/elementor-init.php
[11-Jul-2025 15:17:17 UTC] Modern Metals: Including Elementor init file
[11-Jul-2025 15:17:17 UTC] Modern Metals: elementor-init.php loaded successfully
[11-Jul-2025 15:17:17 UTC] Modern Metals: Base widget class loaded
[11-Jul-2025 15:17:17 UTC] Modern Metals: Loaded widget file: hero-widget.php
[11-Jul-2025 15:17:17 UTC] Modern Metals: Loaded widget file: introduction-widget.php
[11-Jul-2025 15:17:17 UTC] Modern Metals: Loaded widget file: gallery-widget.php
[11-Jul-2025 15:17:17 UTC] Modern Metals: Loaded widget file: accordion-widget.php
[11-Jul-2025 15:17:17 UTC] Modern Metals: Loaded widget file: team-widget.php
[11-Jul-2025 15:17:17 UTC] Modern Metals: Loaded widget file: testimonials-widget.php
[11-Jul-2025 15:17:17 UTC] Modern Metals: Loaded widget file: contact-widget.php
[11-Jul-2025 15:17:17 UTC] Modern Metals: All hooks registered in elementor-init.php
[11-Jul-2025 15:18:02 UTC] Modern Metals: Adding widget category
[11-Jul-2025 15:19:55 UTC] Modern Metals: Adding widget category
[11-Jul-2025 15:24:57 UTC] Modern Metals: Adding widget category
[11-Jul-2025 15:25:21 UTC] Modern Metals: Initializing Elementor widgets
[11-Jul-2025 15:25:21 UTC] Modern Metals: Looking for file at: C:\Users\joshi\Local Sites\modern-metals-wp\app\public/wp-content/themes/modern-metals/inc/elementor/elementor-init.php
[11-Jul-2025 15:25:21 UTC] Modern Metals: Including Elementor init file
[11-Jul-2025 15:25:21 UTC] Modern Metals: elementor-init.php loaded successfully
[11-Jul-2025 15:25:21 UTC] Modern Metals: Base widget class loaded
[11-Jul-2025 15:25:21 UTC] Modern Metals: Loaded widget file: hero-widget.php
[11-Jul-2025 15:25:21 UTC] Modern Metals: Loaded widget file: introduction-widget.php
[11-Jul-2025 15:25:21 UTC] Modern Metals: Loaded widget file: gallery-widget.php
[11-Jul-2025 15:25:21 UTC] Modern Metals: Loaded widget file: accordion-widget.php
[11-Jul-2025 15:25:21 UTC] Modern Metals: Loaded widget file: team-widget.php
[11-Jul-2025 15:25:21 UTC] Modern Metals: Loaded widget file: testimonials-widget.php
[11-Jul-2025 15:25:21 UTC] Modern Metals: Loaded widget file: contact-widget.php
[11-Jul-2025 15:25:21 UTC] Modern Metals: All hooks registered in elementor-init.php
[11-Jul-2025 15:27:05 UTC] Modern Metals: Adding widget category
[11-Jul-2025 15:29:10 UTC] Modern Metals: Initializing Elementor widgets
[11-Jul-2025 15:29:10 UTC] Modern Metals: Looking for file at: C:\Users\joshi\Local Sites\modern-metals-wp\app\public/wp-content/themes/modern-metals/inc/elementor/elementor-init.php
[11-Jul-2025 15:29:10 UTC] Modern Metals: Including Elementor init file
[11-Jul-2025 15:29:10 UTC] Modern Metals: elementor-init.php loaded successfully
[11-Jul-2025 15:29:10 UTC] Modern Metals: Base widget class loaded
[11-Jul-2025 15:29:10 UTC] Modern Metals: Loaded widget file: hero-widget.php
[11-Jul-2025 15:29:10 UTC] Modern Metals: Loaded widget file: introduction-widget.php
[11-Jul-2025 15:29:10 UTC] Modern Metals: Loaded widget file: gallery-widget.php
[11-Jul-2025 15:29:10 UTC] Modern Metals: Loaded widget file: accordion-widget.php
[11-Jul-2025 15:29:10 UTC] Modern Metals: Loaded widget file: team-widget.php
[11-Jul-2025 15:29:10 UTC] Modern Metals: Loaded widget file: testimonials-widget.php
[11-Jul-2025 15:29:10 UTC] Modern Metals: Loaded widget file: contact-widget.php
[11-Jul-2025 15:29:10 UTC] Modern Metals: All hooks registered in elementor-init.php
[11-Jul-2025 15:29:25 UTC] Modern Metals: Adding widget category
[11-Jul-2025 15:29:25 UTC] Modern Metals: Widget registration hook fired
[11-Jul-2025 15:29:25 UTC] Modern Metals: Base widget included
[11-Jul-2025 15:29:25 UTC] Modern Metals: Included hero-widget.php
[11-Jul-2025 15:29:25 UTC] Modern Metals: Included introduction-widget.php
[11-Jul-2025 15:29:25 UTC] Modern Metals: Included gallery-widget.php
[11-Jul-2025 15:29:25 UTC] Modern Metals: Included accordion-widget.php
[11-Jul-2025 15:29:25 UTC] Modern Metals: Included team-widget.php
[11-Jul-2025 15:29:25 UTC] Modern Metals: Included testimonials-widget.php
[11-Jul-2025 15:29:25 UTC] Modern Metals: Included contact-widget.php
[11-Jul-2025 15:29:25 UTC] Modern Metals: Successfully registered Modern_Metals_Hero_Widget
[11-Jul-2025 15:29:25 UTC] Modern Metals: Successfully registered Modern_Metals_Introduction_Widget
[11-Jul-2025 15:29:25 UTC] Modern Metals: Successfully registered Modern_Metals_Gallery_Widget
[11-Jul-2025 15:29:25 UTC] Modern Metals: Successfully registered Modern_Metals_Accordion_Widget
[11-Jul-2025 15:29:25 UTC] Modern Metals: Successfully registered Modern_Metals_Team_Widget
[11-Jul-2025 15:29:25 UTC] Modern Metals: Successfully registered Modern_Metals_Testimonials_Widget
[11-Jul-2025 15:29:25 UTC] Modern Metals: Successfully registered Modern_Metals_Contact_Widget
[11-Jul-2025 15:29:25 UTC] Modern Metals: Direct widget registration completed
[11-Jul-2025 15:29:25 UTC] Modern Metals: Widget registration hook fired
[11-Jul-2025 15:29:25 UTC] Modern Metals: Base widget included
[11-Jul-2025 15:29:25 UTC] Modern Metals: Included hero-widget.php
[11-Jul-2025 15:29:25 UTC] Modern Metals: Included introduction-widget.php
[11-Jul-2025 15:29:25 UTC] Modern Metals: Included gallery-widget.php
[11-Jul-2025 15:29:25 UTC] Modern Metals: Included accordion-widget.php
[11-Jul-2025 15:29:25 UTC] Modern Metals: Included team-widget.php
[11-Jul-2025 15:29:25 UTC] Modern Metals: Included testimonials-widget.php
[11-Jul-2025 15:29:25 UTC] Modern Metals: Included contact-widget.php
[11-Jul-2025 15:29:25 UTC] Modern Metals: Successfully registered Modern_Metals_Hero_Widget
[11-Jul-2025 15:29:25 UTC] Modern Metals: Successfully registered Modern_Metals_Introduction_Widget
[11-Jul-2025 15:29:25 UTC] Modern Metals: Successfully registered Modern_Metals_Gallery_Widget
[11-Jul-2025 15:29:25 UTC] Modern Metals: Successfully registered Modern_Metals_Accordion_Widget
[11-Jul-2025 15:29:25 UTC] Modern Metals: Successfully registered Modern_Metals_Team_Widget
[11-Jul-2025 15:29:25 UTC] Modern Metals: Successfully registered Modern_Metals_Testimonials_Widget
[11-Jul-2025 15:29:25 UTC] Modern Metals: Successfully registered Modern_Metals_Contact_Widget
[11-Jul-2025 15:29:25 UTC] Modern Metals: Direct widget registration completed
[11-Jul-2025 15:29:26 UTC] Modern Metals: Widget registration hook fired
[11-Jul-2025 15:29:26 UTC] Modern Metals: Base widget included
[11-Jul-2025 15:29:26 UTC] Modern Metals: Included hero-widget.php
[11-Jul-2025 15:29:26 UTC] Modern Metals: Included introduction-widget.php
[11-Jul-2025 15:29:26 UTC] Modern Metals: Included gallery-widget.php
[11-Jul-2025 15:29:26 UTC] Modern Metals: Included accordion-widget.php
[11-Jul-2025 15:29:26 UTC] Modern Metals: Included team-widget.php
[11-Jul-2025 15:29:26 UTC] Modern Metals: Included testimonials-widget.php
[11-Jul-2025 15:29:26 UTC] Modern Metals: Included contact-widget.php
[11-Jul-2025 15:29:26 UTC] Modern Metals: Successfully registered Modern_Metals_Hero_Widget
[11-Jul-2025 15:29:26 UTC] Modern Metals: Successfully registered Modern_Metals_Introduction_Widget
[11-Jul-2025 15:29:26 UTC] Modern Metals: Successfully registered Modern_Metals_Gallery_Widget
[11-Jul-2025 15:29:26 UTC] Modern Metals: Successfully registered Modern_Metals_Accordion_Widget
[11-Jul-2025 15:29:26 UTC] Modern Metals: Successfully registered Modern_Metals_Team_Widget
[11-Jul-2025 15:29:26 UTC] Modern Metals: Successfully registered Modern_Metals_Testimonials_Widget
[11-Jul-2025 15:29:26 UTC] Modern Metals: Successfully registered Modern_Metals_Contact_Widget
[11-Jul-2025 15:29:26 UTC] Modern Metals: Direct widget registration completed
[11-Jul-2025 15:29:56 UTC] Modern Metals: Initializing Elementor widgets
[11-Jul-2025 15:29:56 UTC] Modern Metals: Looking for file at: C:\Users\joshi\Local Sites\modern-metals-wp\app\public/wp-content/themes/modern-metals/inc/elementor/elementor-init.php
[11-Jul-2025 15:29:56 UTC] Modern Metals: Including Elementor init file
[11-Jul-2025 15:29:56 UTC] Modern Metals: elementor-init.php loaded successfully
[11-Jul-2025 15:29:56 UTC] Modern Metals: Base widget class loaded
[11-Jul-2025 15:29:56 UTC] Modern Metals: Loaded widget file: hero-widget.php
[11-Jul-2025 15:29:56 UTC] Modern Metals: Loaded widget file: introduction-widget.php
[11-Jul-2025 15:29:56 UTC] Modern Metals: Loaded widget file: gallery-widget.php
[11-Jul-2025 15:29:56 UTC] Modern Metals: Loaded widget file: accordion-widget.php
[11-Jul-2025 15:29:56 UTC] Modern Metals: Loaded widget file: team-widget.php
[11-Jul-2025 15:29:56 UTC] Modern Metals: Loaded widget file: testimonials-widget.php
[11-Jul-2025 15:29:56 UTC] Modern Metals: Loaded widget file: contact-widget.php
[11-Jul-2025 15:29:56 UTC] Modern Metals: All hooks registered in elementor-init.php
[11-Jul-2025 15:31:12 UTC] Modern Metals: Widget registration hook fired
[11-Jul-2025 15:31:12 UTC] Modern Metals: Base widget included
[11-Jul-2025 15:31:12 UTC] Modern Metals: Included hero-widget.php
[11-Jul-2025 15:31:12 UTC] Modern Metals: Included introduction-widget.php
[11-Jul-2025 15:31:12 UTC] Modern Metals: Included gallery-widget.php
[11-Jul-2025 15:31:12 UTC] Modern Metals: Included accordion-widget.php
[11-Jul-2025 15:31:12 UTC] Modern Metals: Included team-widget.php
[11-Jul-2025 15:31:12 UTC] Modern Metals: Included testimonials-widget.php
[11-Jul-2025 15:31:12 UTC] Modern Metals: Included contact-widget.php
[11-Jul-2025 15:31:12 UTC] Modern Metals: Successfully registered Modern_Metals_Hero_Widget
[11-Jul-2025 15:31:12 UTC] Modern Metals: Successfully registered Modern_Metals_Introduction_Widget
[11-Jul-2025 15:31:12 UTC] Modern Metals: Successfully registered Modern_Metals_Gallery_Widget
[11-Jul-2025 15:31:12 UTC] Modern Metals: Successfully registered Modern_Metals_Accordion_Widget
[11-Jul-2025 15:31:12 UTC] Modern Metals: Successfully registered Modern_Metals_Team_Widget
[11-Jul-2025 15:31:12 UTC] Modern Metals: Successfully registered Modern_Metals_Testimonials_Widget
[11-Jul-2025 15:31:12 UTC] Modern Metals: Successfully registered Modern_Metals_Contact_Widget
[11-Jul-2025 15:31:12 UTC] Modern Metals: Direct widget registration completed
[11-Jul-2025 15:32:43 UTC] Modern Metals: Widget registration hook fired
[11-Jul-2025 15:32:43 UTC] Modern Metals: Base widget included
[11-Jul-2025 15:32:43 UTC] Modern Metals: Included hero-widget.php
[11-Jul-2025 15:32:43 UTC] Modern Metals: Included introduction-widget.php
[11-Jul-2025 15:32:43 UTC] Modern Metals: Included gallery-widget.php
[11-Jul-2025 15:32:43 UTC] Modern Metals: Included accordion-widget.php
[11-Jul-2025 15:32:43 UTC] Modern Metals: Included team-widget.php
[11-Jul-2025 15:32:43 UTC] Modern Metals: Included testimonials-widget.php
[11-Jul-2025 15:32:43 UTC] Modern Metals: Included contact-widget.php
[11-Jul-2025 15:32:43 UTC] Modern Metals: Successfully registered Modern_Metals_Hero_Widget
[11-Jul-2025 15:32:43 UTC] Modern Metals: Successfully registered Modern_Metals_Introduction_Widget
[11-Jul-2025 15:32:43 UTC] Modern Metals: Successfully registered Modern_Metals_Gallery_Widget
[11-Jul-2025 15:32:43 UTC] Modern Metals: Successfully registered Modern_Metals_Accordion_Widget
[11-Jul-2025 15:32:43 UTC] Modern Metals: Successfully registered Modern_Metals_Team_Widget
[11-Jul-2025 15:32:43 UTC] Modern Metals: Successfully registered Modern_Metals_Testimonials_Widget
[11-Jul-2025 15:32:43 UTC] Modern Metals: Successfully registered Modern_Metals_Contact_Widget
[11-Jul-2025 15:32:43 UTC] Modern Metals: Direct widget registration completed
[11-Jul-2025 15:33:55 UTC] Modern Metals: Widget registration hook fired
[11-Jul-2025 15:33:55 UTC] Modern Metals: Base widget included
[11-Jul-2025 15:33:55 UTC] Modern Metals: Included hero-widget.php
[11-Jul-2025 15:33:55 UTC] Modern Metals: Included introduction-widget.php
[11-Jul-2025 15:33:55 UTC] Modern Metals: Included gallery-widget.php
[11-Jul-2025 15:33:55 UTC] Modern Metals: Included accordion-widget.php
[11-Jul-2025 15:33:55 UTC] Modern Metals: Included team-widget.php
[11-Jul-2025 15:33:55 UTC] Modern Metals: Included testimonials-widget.php
[11-Jul-2025 15:33:55 UTC] Modern Metals: Included contact-widget.php
[11-Jul-2025 15:33:55 UTC] Modern Metals: Successfully registered Modern_Metals_Hero_Widget
[11-Jul-2025 15:33:55 UTC] Modern Metals: Successfully registered Modern_Metals_Introduction_Widget
[11-Jul-2025 15:33:55 UTC] Modern Metals: Successfully registered Modern_Metals_Gallery_Widget
[11-Jul-2025 15:33:55 UTC] Modern Metals: Successfully registered Modern_Metals_Accordion_Widget
[11-Jul-2025 15:33:55 UTC] Modern Metals: Successfully registered Modern_Metals_Team_Widget
[11-Jul-2025 15:33:55 UTC] Modern Metals: Successfully registered Modern_Metals_Testimonials_Widget
[11-Jul-2025 15:33:55 UTC] Modern Metals: Successfully registered Modern_Metals_Contact_Widget
[11-Jul-2025 15:33:55 UTC] Modern Metals: Direct widget registration completed
[11-Jul-2025 15:38:40 UTC] Modern Metals: Widget registration hook fired
[11-Jul-2025 15:38:40 UTC] Modern Metals: Base widget included
[11-Jul-2025 15:38:40 UTC] Modern Metals: Included hero-widget.php
[11-Jul-2025 15:38:40 UTC] Modern Metals: Included introduction-widget.php
[11-Jul-2025 15:38:40 UTC] Modern Metals: Included gallery-widget.php
[11-Jul-2025 15:38:40 UTC] Modern Metals: Included accordion-widget.php
[11-Jul-2025 15:38:40 UTC] Modern Metals: Included team-widget.php
[11-Jul-2025 15:38:40 UTC] Modern Metals: Included testimonials-widget.php
[11-Jul-2025 15:38:40 UTC] Modern Metals: Included contact-widget.php
[11-Jul-2025 15:38:40 UTC] Modern Metals: Successfully registered Modern_Metals_Hero_Widget
[11-Jul-2025 15:38:40 UTC] Modern Metals: Successfully registered Modern_Metals_Introduction_Widget
[11-Jul-2025 15:38:40 UTC] Modern Metals: Successfully registered Modern_Metals_Gallery_Widget
[11-Jul-2025 15:38:40 UTC] Modern Metals: Successfully registered Modern_Metals_Accordion_Widget
[11-Jul-2025 15:38:40 UTC] Modern Metals: Successfully registered Modern_Metals_Team_Widget
[11-Jul-2025 15:38:40 UTC] Modern Metals: Successfully registered Modern_Metals_Testimonials_Widget
[11-Jul-2025 15:38:40 UTC] Modern Metals: Successfully registered Modern_Metals_Contact_Widget
[11-Jul-2025 15:38:40 UTC] Modern Metals: Direct widget registration completed
[11-Jul-2025 15:38:58 UTC] Modern Metals: Adding widget category
[11-Jul-2025 15:38:58 UTC] Modern Metals: Widget registration hook fired
[11-Jul-2025 15:38:58 UTC] Modern Metals: Base widget included
[11-Jul-2025 15:38:58 UTC] Modern Metals: Included hero-widget.php
[11-Jul-2025 15:38:58 UTC] Modern Metals: Included introduction-widget.php
[11-Jul-2025 15:38:58 UTC] Modern Metals: Included gallery-widget.php
[11-Jul-2025 15:38:58 UTC] Modern Metals: Included accordion-widget.php
[11-Jul-2025 15:38:58 UTC] Modern Metals: Included team-widget.php
[11-Jul-2025 15:38:58 UTC] Modern Metals: Included testimonials-widget.php
[11-Jul-2025 15:38:58 UTC] Modern Metals: Included contact-widget.php
[11-Jul-2025 15:38:58 UTC] Modern Metals: Successfully registered Modern_Metals_Hero_Widget
[11-Jul-2025 15:38:58 UTC] Modern Metals: Successfully registered Modern_Metals_Introduction_Widget
[11-Jul-2025 15:38:58 UTC] Modern Metals: Successfully registered Modern_Metals_Gallery_Widget
[11-Jul-2025 15:38:58 UTC] Modern Metals: Successfully registered Modern_Metals_Accordion_Widget
[11-Jul-2025 15:38:58 UTC] Modern Metals: Successfully registered Modern_Metals_Team_Widget
[11-Jul-2025 15:38:58 UTC] Modern Metals: Successfully registered Modern_Metals_Testimonials_Widget
[11-Jul-2025 15:38:58 UTC] Modern Metals: Successfully registered Modern_Metals_Contact_Widget
[11-Jul-2025 15:38:58 UTC] Modern Metals: Direct widget registration completed
[11-Jul-2025 15:39:00 UTC] Modern Metals: Widget registration hook fired
[11-Jul-2025 15:39:00 UTC] Modern Metals: Base widget included
[11-Jul-2025 15:39:00 UTC] Modern Metals: Included hero-widget.php
[11-Jul-2025 15:39:00 UTC] Modern Metals: Included introduction-widget.php
[11-Jul-2025 15:39:00 UTC] Modern Metals: Included gallery-widget.php
[11-Jul-2025 15:39:00 UTC] Modern Metals: Included accordion-widget.php
[11-Jul-2025 15:39:00 UTC] Modern Metals: Included team-widget.php
[11-Jul-2025 15:39:00 UTC] Modern Metals: Included testimonials-widget.php
[11-Jul-2025 15:39:00 UTC] Modern Metals: Included contact-widget.php
[11-Jul-2025 15:39:00 UTC] Modern Metals: Successfully registered Modern_Metals_Hero_Widget
[11-Jul-2025 15:39:00 UTC] Modern Metals: Successfully registered Modern_Metals_Introduction_Widget
[11-Jul-2025 15:39:00 UTC] Modern Metals: Successfully registered Modern_Metals_Gallery_Widget
[11-Jul-2025 15:39:00 UTC] Modern Metals: Successfully registered Modern_Metals_Accordion_Widget
[11-Jul-2025 15:39:00 UTC] Modern Metals: Successfully registered Modern_Metals_Team_Widget
[11-Jul-2025 15:39:00 UTC] Modern Metals: Successfully registered Modern_Metals_Testimonials_Widget
[11-Jul-2025 15:39:00 UTC] Modern Metals: Successfully registered Modern_Metals_Contact_Widget
[11-Jul-2025 15:39:00 UTC] Modern Metals: Direct widget registration completed
[11-Jul-2025 15:39:00 UTC] Modern Metals: Widget registration hook fired
[11-Jul-2025 15:39:00 UTC] Modern Metals: Base widget included
[11-Jul-2025 15:39:00 UTC] Modern Metals: Included hero-widget.php
[11-Jul-2025 15:39:00 UTC] Modern Metals: Included introduction-widget.php
[11-Jul-2025 15:39:00 UTC] Modern Metals: Included gallery-widget.php
[11-Jul-2025 15:39:00 UTC] Modern Metals: Included accordion-widget.php
[11-Jul-2025 15:39:00 UTC] Modern Metals: Included team-widget.php
[11-Jul-2025 15:39:00 UTC] Modern Metals: Included testimonials-widget.php
[11-Jul-2025 15:39:00 UTC] Modern Metals: Included contact-widget.php
[11-Jul-2025 15:39:00 UTC] Modern Metals: Successfully registered Modern_Metals_Hero_Widget
[11-Jul-2025 15:39:00 UTC] Modern Metals: Successfully registered Modern_Metals_Introduction_Widget
[11-Jul-2025 15:39:00 UTC] Modern Metals: Successfully registered Modern_Metals_Gallery_Widget
[11-Jul-2025 15:39:00 UTC] Modern Metals: Successfully registered Modern_Metals_Accordion_Widget
[11-Jul-2025 15:39:00 UTC] Modern Metals: Successfully registered Modern_Metals_Team_Widget
[11-Jul-2025 15:39:00 UTC] Modern Metals: Successfully registered Modern_Metals_Testimonials_Widget
[11-Jul-2025 15:39:00 UTC] Modern Metals: Successfully registered Modern_Metals_Contact_Widget
[11-Jul-2025 15:39:00 UTC] Modern Metals: Direct widget registration completed
[11-Jul-2025 15:39:26 UTC] Modern Metals: Adding widget category
[11-Jul-2025 15:39:26 UTC] Modern Metals: Widget registration hook fired
[11-Jul-2025 15:39:26 UTC] Modern Metals: Base widget included
[11-Jul-2025 15:39:26 UTC] Modern Metals: Included hero-widget.php
[11-Jul-2025 15:39:26 UTC] Modern Metals: Included introduction-widget.php
[11-Jul-2025 15:39:26 UTC] Modern Metals: Included gallery-widget.php
[11-Jul-2025 15:39:26 UTC] Modern Metals: Included accordion-widget.php
[11-Jul-2025 15:39:26 UTC] Modern Metals: Included team-widget.php
[11-Jul-2025 15:39:26 UTC] Modern Metals: Included testimonials-widget.php
[11-Jul-2025 15:39:26 UTC] Modern Metals: Included contact-widget.php
[11-Jul-2025 15:39:26 UTC] Modern Metals: Successfully registered Modern_Metals_Hero_Widget
[11-Jul-2025 15:39:26 UTC] Modern Metals: Successfully registered Modern_Metals_Introduction_Widget
[11-Jul-2025 15:39:26 UTC] Modern Metals: Successfully registered Modern_Metals_Gallery_Widget
[11-Jul-2025 15:39:26 UTC] Modern Metals: Successfully registered Modern_Metals_Accordion_Widget
[11-Jul-2025 15:39:26 UTC] Modern Metals: Successfully registered Modern_Metals_Team_Widget
[11-Jul-2025 15:39:26 UTC] Modern Metals: Successfully registered Modern_Metals_Testimonials_Widget
[11-Jul-2025 15:39:26 UTC] Modern Metals: Successfully registered Modern_Metals_Contact_Widget
[11-Jul-2025 15:39:26 UTC] Modern Metals: Direct widget registration completed
[11-Jul-2025 15:39:27 UTC] Modern Metals: Widget registration hook fired
[11-Jul-2025 15:39:27 UTC] Modern Metals: Base widget included
[11-Jul-2025 15:39:27 UTC] Modern Metals: Included hero-widget.php
[11-Jul-2025 15:39:27 UTC] Modern Metals: Included introduction-widget.php
[11-Jul-2025 15:39:27 UTC] Modern Metals: Included gallery-widget.php
[11-Jul-2025 15:39:27 UTC] Modern Metals: Included accordion-widget.php
[11-Jul-2025 15:39:27 UTC] Modern Metals: Included team-widget.php
[11-Jul-2025 15:39:27 UTC] Modern Metals: Included testimonials-widget.php
[11-Jul-2025 15:39:27 UTC] Modern Metals: Included contact-widget.php
[11-Jul-2025 15:39:27 UTC] Modern Metals: Successfully registered Modern_Metals_Hero_Widget
[11-Jul-2025 15:39:27 UTC] Modern Metals: Successfully registered Modern_Metals_Introduction_Widget
[11-Jul-2025 15:39:27 UTC] Modern Metals: Successfully registered Modern_Metals_Gallery_Widget
[11-Jul-2025 15:39:27 UTC] Modern Metals: Successfully registered Modern_Metals_Accordion_Widget
[11-Jul-2025 15:39:27 UTC] Modern Metals: Successfully registered Modern_Metals_Team_Widget
[11-Jul-2025 15:39:27 UTC] Modern Metals: Successfully registered Modern_Metals_Testimonials_Widget
[11-Jul-2025 15:39:27 UTC] Modern Metals: Successfully registered Modern_Metals_Contact_Widget
[11-Jul-2025 15:39:27 UTC] Modern Metals: Direct widget registration completed
[11-Jul-2025 15:39:28 UTC] Modern Metals: Widget registration hook fired
[11-Jul-2025 15:39:28 UTC] Modern Metals: Base widget included
[11-Jul-2025 15:39:28 UTC] Modern Metals: Included hero-widget.php
[11-Jul-2025 15:39:28 UTC] Modern Metals: Included introduction-widget.php
[11-Jul-2025 15:39:28 UTC] Modern Metals: Included gallery-widget.php
[11-Jul-2025 15:39:28 UTC] Modern Metals: Included accordion-widget.php
[11-Jul-2025 15:39:28 UTC] Modern Metals: Included team-widget.php
[11-Jul-2025 15:39:28 UTC] Modern Metals: Included testimonials-widget.php
[11-Jul-2025 15:39:28 UTC] Modern Metals: Included contact-widget.php
[11-Jul-2025 15:39:28 UTC] Modern Metals: Successfully registered Modern_Metals_Hero_Widget
[11-Jul-2025 15:39:28 UTC] Modern Metals: Successfully registered Modern_Metals_Introduction_Widget
[11-Jul-2025 15:39:28 UTC] Modern Metals: Successfully registered Modern_Metals_Gallery_Widget
[11-Jul-2025 15:39:28 UTC] Modern Metals: Successfully registered Modern_Metals_Accordion_Widget
[11-Jul-2025 15:39:28 UTC] Modern Metals: Successfully registered Modern_Metals_Team_Widget
[11-Jul-2025 15:39:28 UTC] Modern Metals: Successfully registered Modern_Metals_Testimonials_Widget
[11-Jul-2025 15:39:28 UTC] Modern Metals: Successfully registered Modern_Metals_Contact_Widget
[11-Jul-2025 15:39:28 UTC] Modern Metals: Direct widget registration completed
[11-Jul-2025 15:40:40 UTC] Modern Metals: Widget registration hook fired
[11-Jul-2025 15:40:40 UTC] Modern Metals: Base widget included
[11-Jul-2025 15:40:40 UTC] Modern Metals: Included hero-widget.php
[11-Jul-2025 15:40:40 UTC] Modern Metals: Included introduction-widget.php
[11-Jul-2025 15:40:40 UTC] Modern Metals: Included gallery-widget.php
[11-Jul-2025 15:40:40 UTC] Modern Metals: Included accordion-widget.php
[11-Jul-2025 15:40:40 UTC] Modern Metals: Included team-widget.php
[11-Jul-2025 15:40:40 UTC] Modern Metals: Included testimonials-widget.php
[11-Jul-2025 15:40:40 UTC] Modern Metals: Included contact-widget.php
[11-Jul-2025 15:40:40 UTC] Modern Metals: Successfully registered Modern_Metals_Hero_Widget
[11-Jul-2025 15:40:40 UTC] Modern Metals: Successfully registered Modern_Metals_Introduction_Widget
[11-Jul-2025 15:40:40 UTC] Modern Metals: Successfully registered Modern_Metals_Gallery_Widget
[11-Jul-2025 15:40:40 UTC] Modern Metals: Successfully registered Modern_Metals_Accordion_Widget
[11-Jul-2025 15:40:40 UTC] Modern Metals: Successfully registered Modern_Metals_Team_Widget
[11-Jul-2025 15:40:40 UTC] Modern Metals: Successfully registered Modern_Metals_Testimonials_Widget
[11-Jul-2025 15:40:40 UTC] Modern Metals: Successfully registered Modern_Metals_Contact_Widget
[11-Jul-2025 15:40:40 UTC] Modern Metals: Direct widget registration completed
[11-Jul-2025 15:40:45 UTC] Modern Metals: Adding widget category
[11-Jul-2025 15:40:46 UTC] Modern Metals: Widget registration hook fired
[11-Jul-2025 15:40:46 UTC] Modern Metals: Base widget included
[11-Jul-2025 15:40:46 UTC] Modern Metals: Included hero-widget.php
[11-Jul-2025 15:40:46 UTC] Modern Metals: Included introduction-widget.php
[11-Jul-2025 15:40:46 UTC] Modern Metals: Included gallery-widget.php
[11-Jul-2025 15:40:46 UTC] Modern Metals: Included accordion-widget.php
[11-Jul-2025 15:40:46 UTC] Modern Metals: Included team-widget.php
[11-Jul-2025 15:40:46 UTC] Modern Metals: Included testimonials-widget.php
[11-Jul-2025 15:40:46 UTC] Modern Metals: Included contact-widget.php
[11-Jul-2025 15:40:46 UTC] Modern Metals: Successfully registered Modern_Metals_Hero_Widget
[11-Jul-2025 15:40:46 UTC] Modern Metals: Successfully registered Modern_Metals_Introduction_Widget
[11-Jul-2025 15:40:46 UTC] Modern Metals: Successfully registered Modern_Metals_Gallery_Widget
[11-Jul-2025 15:40:46 UTC] Modern Metals: Successfully registered Modern_Metals_Accordion_Widget
[11-Jul-2025 15:40:46 UTC] Modern Metals: Successfully registered Modern_Metals_Team_Widget
[11-Jul-2025 15:40:46 UTC] Modern Metals: Successfully registered Modern_Metals_Testimonials_Widget
[11-Jul-2025 15:40:46 UTC] Modern Metals: Successfully registered Modern_Metals_Contact_Widget
[11-Jul-2025 15:40:46 UTC] Modern Metals: Direct widget registration completed
[11-Jul-2025 15:40:47 UTC] Modern Metals: Widget registration hook fired
[11-Jul-2025 15:40:47 UTC] Modern Metals: Base widget included
[11-Jul-2025 15:40:47 UTC] Modern Metals: Included hero-widget.php
[11-Jul-2025 15:40:47 UTC] Modern Metals: Included introduction-widget.php
[11-Jul-2025 15:40:47 UTC] Modern Metals: Included gallery-widget.php
[11-Jul-2025 15:40:47 UTC] Modern Metals: Included accordion-widget.php
[11-Jul-2025 15:40:47 UTC] Modern Metals: Included team-widget.php
[11-Jul-2025 15:40:47 UTC] Modern Metals: Included testimonials-widget.php
[11-Jul-2025 15:40:47 UTC] Modern Metals: Included contact-widget.php
[11-Jul-2025 15:40:47 UTC] Modern Metals: Successfully registered Modern_Metals_Hero_Widget
[11-Jul-2025 15:40:47 UTC] Modern Metals: Successfully registered Modern_Metals_Introduction_Widget
[11-Jul-2025 15:40:47 UTC] Modern Metals: Successfully registered Modern_Metals_Gallery_Widget
[11-Jul-2025 15:40:47 UTC] Modern Metals: Successfully registered Modern_Metals_Accordion_Widget
[11-Jul-2025 15:40:47 UTC] Modern Metals: Successfully registered Modern_Metals_Team_Widget
[11-Jul-2025 15:40:47 UTC] Modern Metals: Successfully registered Modern_Metals_Testimonials_Widget
[11-Jul-2025 15:40:47 UTC] Modern Metals: Successfully registered Modern_Metals_Contact_Widget
[11-Jul-2025 15:40:47 UTC] Modern Metals: Direct widget registration completed
[11-Jul-2025 15:40:47 UTC] Modern Metals: Widget registration hook fired
[11-Jul-2025 15:40:47 UTC] Modern Metals: Base widget included
[11-Jul-2025 15:40:47 UTC] Modern Metals: Included hero-widget.php
[11-Jul-2025 15:40:47 UTC] Modern Metals: Included introduction-widget.php
[11-Jul-2025 15:40:47 UTC] Modern Metals: Included gallery-widget.php
[11-Jul-2025 15:40:47 UTC] Modern Metals: Included accordion-widget.php
[11-Jul-2025 15:40:47 UTC] Modern Metals: Included team-widget.php
[11-Jul-2025 15:40:47 UTC] Modern Metals: Included testimonials-widget.php
[11-Jul-2025 15:40:47 UTC] Modern Metals: Included contact-widget.php
[11-Jul-2025 15:40:47 UTC] Modern Metals: Successfully registered Modern_Metals_Hero_Widget
[11-Jul-2025 15:40:47 UTC] Modern Metals: Successfully registered Modern_Metals_Introduction_Widget
[11-Jul-2025 15:40:47 UTC] Modern Metals: Successfully registered Modern_Metals_Gallery_Widget
[11-Jul-2025 15:40:47 UTC] Modern Metals: Successfully registered Modern_Metals_Accordion_Widget
[11-Jul-2025 15:40:47 UTC] Modern Metals: Successfully registered Modern_Metals_Team_Widget
[11-Jul-2025 15:40:47 UTC] Modern Metals: Successfully registered Modern_Metals_Testimonials_Widget
[11-Jul-2025 15:40:47 UTC] Modern Metals: Successfully registered Modern_Metals_Contact_Widget
[11-Jul-2025 15:40:47 UTC] Modern Metals: Direct widget registration completed
[11-Jul-2025 15:42:54 UTC] Modern Metals: Adding widget category
[11-Jul-2025 15:42:54 UTC] Modern Metals: Widget registration hook fired
[11-Jul-2025 15:42:54 UTC] Modern Metals: Base widget included
[11-Jul-2025 15:42:54 UTC] Modern Metals: Included hero-widget.php
[11-Jul-2025 15:42:54 UTC] Modern Metals: Included introduction-widget.php
[11-Jul-2025 15:42:54 UTC] Modern Metals: Included gallery-widget.php
[11-Jul-2025 15:42:54 UTC] Modern Metals: Included accordion-widget.php
[11-Jul-2025 15:42:54 UTC] Modern Metals: Included team-widget.php
[11-Jul-2025 15:42:54 UTC] Modern Metals: Included testimonials-widget.php
[11-Jul-2025 15:42:54 UTC] Modern Metals: Included contact-widget.php
[11-Jul-2025 15:42:54 UTC] Modern Metals: Successfully registered Modern_Metals_Hero_Widget
[11-Jul-2025 15:42:54 UTC] Modern Metals: Successfully registered Modern_Metals_Introduction_Widget
[11-Jul-2025 15:42:54 UTC] Modern Metals: Successfully registered Modern_Metals_Gallery_Widget
[11-Jul-2025 15:42:54 UTC] Modern Metals: Successfully registered Modern_Metals_Accordion_Widget
[11-Jul-2025 15:42:54 UTC] Modern Metals: Successfully registered Modern_Metals_Team_Widget
[11-Jul-2025 15:42:54 UTC] Modern Metals: Successfully registered Modern_Metals_Testimonials_Widget
[11-Jul-2025 15:42:54 UTC] Modern Metals: Successfully registered Modern_Metals_Contact_Widget
[11-Jul-2025 15:42:54 UTC] Modern Metals: Direct widget registration completed
[11-Jul-2025 15:42:56 UTC] Modern Metals: Widget registration hook fired
[11-Jul-2025 15:42:56 UTC] Modern Metals: Base widget included
[11-Jul-2025 15:42:56 UTC] Modern Metals: Included hero-widget.php
[11-Jul-2025 15:42:56 UTC] Modern Metals: Included introduction-widget.php
[11-Jul-2025 15:42:56 UTC] Modern Metals: Included gallery-widget.php
[11-Jul-2025 15:42:56 UTC] Modern Metals: Included accordion-widget.php
[11-Jul-2025 15:42:56 UTC] Modern Metals: Included team-widget.php
[11-Jul-2025 15:42:56 UTC] Modern Metals: Included testimonials-widget.php
[11-Jul-2025 15:42:56 UTC] Modern Metals: Included contact-widget.php
[11-Jul-2025 15:42:56 UTC] Modern Metals: Successfully registered Modern_Metals_Hero_Widget
[11-Jul-2025 15:42:56 UTC] Modern Metals: Successfully registered Modern_Metals_Introduction_Widget
[11-Jul-2025 15:42:56 UTC] Modern Metals: Successfully registered Modern_Metals_Gallery_Widget
[11-Jul-2025 15:42:56 UTC] Modern Metals: Successfully registered Modern_Metals_Accordion_Widget
[11-Jul-2025 15:42:56 UTC] Modern Metals: Successfully registered Modern_Metals_Team_Widget
[11-Jul-2025 15:42:56 UTC] Modern Metals: Successfully registered Modern_Metals_Testimonials_Widget
[11-Jul-2025 15:42:56 UTC] Modern Metals: Successfully registered Modern_Metals_Contact_Widget
[11-Jul-2025 15:42:56 UTC] Modern Metals: Direct widget registration completed
[11-Jul-2025 15:42:56 UTC] Modern Metals: Widget registration hook fired
[11-Jul-2025 15:42:56 UTC] Modern Metals: Base widget included
[11-Jul-2025 15:42:56 UTC] Modern Metals: Included hero-widget.php
[11-Jul-2025 15:42:56 UTC] Modern Metals: Included introduction-widget.php
[11-Jul-2025 15:42:56 UTC] Modern Metals: Included gallery-widget.php
[11-Jul-2025 15:42:56 UTC] Modern Metals: Included accordion-widget.php
[11-Jul-2025 15:42:56 UTC] Modern Metals: Included team-widget.php
[11-Jul-2025 15:42:56 UTC] Modern Metals: Included testimonials-widget.php
[11-Jul-2025 15:42:56 UTC] Modern Metals: Included contact-widget.php
[11-Jul-2025 15:42:56 UTC] Modern Metals: Successfully registered Modern_Metals_Hero_Widget
[11-Jul-2025 15:42:56 UTC] Modern Metals: Successfully registered Modern_Metals_Introduction_Widget
[11-Jul-2025 15:42:56 UTC] Modern Metals: Successfully registered Modern_Metals_Gallery_Widget
[11-Jul-2025 15:42:56 UTC] Modern Metals: Successfully registered Modern_Metals_Accordion_Widget
[11-Jul-2025 15:42:56 UTC] Modern Metals: Successfully registered Modern_Metals_Team_Widget
[11-Jul-2025 15:42:56 UTC] Modern Metals: Successfully registered Modern_Metals_Testimonials_Widget
[11-Jul-2025 15:42:56 UTC] Modern Metals: Successfully registered Modern_Metals_Contact_Widget
[11-Jul-2025 15:42:56 UTC] Modern Metals: Direct widget registration completed
[11-Jul-2025 15:45:19 UTC] Modern Metals: Adding widget category
[11-Jul-2025 15:45:19 UTC] Modern Metals: Widget registration hook fired
[11-Jul-2025 15:45:19 UTC] Modern Metals: Base widget included
[11-Jul-2025 15:45:19 UTC] Modern Metals: Included hero-widget.php
[11-Jul-2025 15:45:19 UTC] Modern Metals: Included introduction-widget.php
[11-Jul-2025 15:45:19 UTC] Modern Metals: Included gallery-widget.php
[11-Jul-2025 15:45:19 UTC] Modern Metals: Included accordion-widget.php
[11-Jul-2025 15:45:19 UTC] Modern Metals: Included team-widget.php
[11-Jul-2025 15:45:19 UTC] Modern Metals: Included testimonials-widget.php
[11-Jul-2025 15:45:19 UTC] Modern Metals: Included contact-widget.php
[11-Jul-2025 15:45:19 UTC] Modern Metals: Successfully registered Modern_Metals_Hero_Widget
[11-Jul-2025 15:45:19 UTC] Modern Metals: Successfully registered Modern_Metals_Introduction_Widget
[11-Jul-2025 15:45:19 UTC] Modern Metals: Successfully registered Modern_Metals_Gallery_Widget
[11-Jul-2025 15:45:19 UTC] Modern Metals: Successfully registered Modern_Metals_Accordion_Widget
[11-Jul-2025 15:45:19 UTC] Modern Metals: Successfully registered Modern_Metals_Team_Widget
[11-Jul-2025 15:45:19 UTC] Modern Metals: Successfully registered Modern_Metals_Testimonials_Widget
[11-Jul-2025 15:45:19 UTC] Modern Metals: Successfully registered Modern_Metals_Contact_Widget
[11-Jul-2025 15:45:19 UTC] Modern Metals: Direct widget registration completed
[11-Jul-2025 15:45:20 UTC] Modern Metals: Widget registration hook fired
[11-Jul-2025 15:45:20 UTC] Modern Metals: Base widget included
[11-Jul-2025 15:45:20 UTC] Modern Metals: Included hero-widget.php
[11-Jul-2025 15:45:20 UTC] Modern Metals: Included introduction-widget.php
[11-Jul-2025 15:45:20 UTC] Modern Metals: Included gallery-widget.php
[11-Jul-2025 15:45:20 UTC] Modern Metals: Included accordion-widget.php
[11-Jul-2025 15:45:20 UTC] Modern Metals: Included team-widget.php
[11-Jul-2025 15:45:20 UTC] Modern Metals: Included testimonials-widget.php
[11-Jul-2025 15:45:20 UTC] Modern Metals: Included contact-widget.php
[11-Jul-2025 15:45:20 UTC] Modern Metals: Successfully registered Modern_Metals_Hero_Widget
[11-Jul-2025 15:45:20 UTC] Modern Metals: Successfully registered Modern_Metals_Introduction_Widget
[11-Jul-2025 15:45:20 UTC] Modern Metals: Successfully registered Modern_Metals_Gallery_Widget
[11-Jul-2025 15:45:20 UTC] Modern Metals: Successfully registered Modern_Metals_Accordion_Widget
[11-Jul-2025 15:45:20 UTC] Modern Metals: Successfully registered Modern_Metals_Team_Widget
[11-Jul-2025 15:45:20 UTC] Modern Metals: Successfully registered Modern_Metals_Testimonials_Widget
[11-Jul-2025 15:45:20 UTC] Modern Metals: Successfully registered Modern_Metals_Contact_Widget
[11-Jul-2025 15:45:20 UTC] Modern Metals: Direct widget registration completed
[11-Jul-2025 15:45:20 UTC] Modern Metals: Widget registration hook fired
[11-Jul-2025 15:45:20 UTC] Modern Metals: Base widget included
[11-Jul-2025 15:45:20 UTC] Modern Metals: Included hero-widget.php
[11-Jul-2025 15:45:20 UTC] Modern Metals: Included introduction-widget.php
[11-Jul-2025 15:45:20 UTC] Modern Metals: Included gallery-widget.php
[11-Jul-2025 15:45:20 UTC] Modern Metals: Included accordion-widget.php
[11-Jul-2025 15:45:20 UTC] Modern Metals: Included team-widget.php
[11-Jul-2025 15:45:20 UTC] Modern Metals: Included testimonials-widget.php
[11-Jul-2025 15:45:20 UTC] Modern Metals: Included contact-widget.php
[11-Jul-2025 15:45:20 UTC] Modern Metals: Successfully registered Modern_Metals_Hero_Widget
[11-Jul-2025 15:45:20 UTC] Modern Metals: Successfully registered Modern_Metals_Introduction_Widget
[11-Jul-2025 15:45:20 UTC] Modern Metals: Successfully registered Modern_Metals_Gallery_Widget
[11-Jul-2025 15:45:20 UTC] Modern Metals: Successfully registered Modern_Metals_Accordion_Widget
[11-Jul-2025 15:45:20 UTC] Modern Metals: Successfully registered Modern_Metals_Team_Widget
[11-Jul-2025 15:45:20 UTC] Modern Metals: Successfully registered Modern_Metals_Testimonials_Widget
[11-Jul-2025 15:45:20 UTC] Modern Metals: Successfully registered Modern_Metals_Contact_Widget
[11-Jul-2025 15:45:20 UTC] Modern Metals: Direct widget registration completed
[11-Jul-2025 15:53:00 UTC] Modern Metals: Adding widget category
[11-Jul-2025 15:53:00 UTC] Modern Metals: Widget registration hook fired
[11-Jul-2025 15:53:00 UTC] Modern Metals: Base widget included
[11-Jul-2025 15:53:00 UTC] Modern Metals: Included hero-widget.php
[11-Jul-2025 15:53:00 UTC] Modern Metals: Included introduction-widget.php
[11-Jul-2025 15:53:00 UTC] Modern Metals: Included gallery-widget.php
[11-Jul-2025 15:53:00 UTC] Modern Metals: Included accordion-widget.php
[11-Jul-2025 15:53:00 UTC] Modern Metals: Included team-widget.php
[11-Jul-2025 15:53:00 UTC] Modern Metals: Included testimonials-widget.php
[11-Jul-2025 15:53:00 UTC] Modern Metals: Included contact-widget.php
[11-Jul-2025 15:53:00 UTC] Modern Metals: Successfully registered Modern_Metals_Hero_Widget
[11-Jul-2025 15:53:00 UTC] Modern Metals: Successfully registered Modern_Metals_Introduction_Widget
[11-Jul-2025 15:53:00 UTC] Modern Metals: Successfully registered Modern_Metals_Gallery_Widget
[11-Jul-2025 15:53:00 UTC] Modern Metals: Successfully registered Modern_Metals_Accordion_Widget
[11-Jul-2025 15:53:00 UTC] Modern Metals: Successfully registered Modern_Metals_Team_Widget
[11-Jul-2025 15:53:00 UTC] Modern Metals: Successfully registered Modern_Metals_Testimonials_Widget
[11-Jul-2025 15:53:00 UTC] Modern Metals: Successfully registered Modern_Metals_Contact_Widget
[11-Jul-2025 15:53:00 UTC] Modern Metals: Direct widget registration completed
[11-Jul-2025 15:53:01 UTC] Modern Metals: Widget registration hook fired
[11-Jul-2025 15:53:01 UTC] Modern Metals: Base widget included
[11-Jul-2025 15:53:01 UTC] Modern Metals: Included hero-widget.php
[11-Jul-2025 15:53:01 UTC] Modern Metals: Included introduction-widget.php
[11-Jul-2025 15:53:01 UTC] Modern Metals: Included gallery-widget.php
[11-Jul-2025 15:53:01 UTC] Modern Metals: Included accordion-widget.php
[11-Jul-2025 15:53:01 UTC] Modern Metals: Included team-widget.php
[11-Jul-2025 15:53:01 UTC] Modern Metals: Included testimonials-widget.php
[11-Jul-2025 15:53:01 UTC] Modern Metals: Included contact-widget.php
[11-Jul-2025 15:53:01 UTC] Modern Metals: Successfully registered Modern_Metals_Hero_Widget
[11-Jul-2025 15:53:01 UTC] Modern Metals: Successfully registered Modern_Metals_Introduction_Widget
[11-Jul-2025 15:53:01 UTC] Modern Metals: Successfully registered Modern_Metals_Gallery_Widget
[11-Jul-2025 15:53:01 UTC] Modern Metals: Successfully registered Modern_Metals_Accordion_Widget
[11-Jul-2025 15:53:01 UTC] Modern Metals: Successfully registered Modern_Metals_Team_Widget
[11-Jul-2025 15:53:01 UTC] Modern Metals: Successfully registered Modern_Metals_Testimonials_Widget
[11-Jul-2025 15:53:01 UTC] Modern Metals: Successfully registered Modern_Metals_Contact_Widget
[11-Jul-2025 15:53:01 UTC] Modern Metals: Direct widget registration completed
[11-Jul-2025 15:53:01 UTC] Modern Metals: Widget registration hook fired
[11-Jul-2025 15:53:01 UTC] Modern Metals: Base widget included
[11-Jul-2025 15:53:01 UTC] Modern Metals: Included hero-widget.php
[11-Jul-2025 15:53:01 UTC] Modern Metals: Included introduction-widget.php
[11-Jul-2025 15:53:01 UTC] Modern Metals: Included gallery-widget.php
[11-Jul-2025 15:53:01 UTC] Modern Metals: Included accordion-widget.php
[11-Jul-2025 15:53:01 UTC] Modern Metals: Included team-widget.php
[11-Jul-2025 15:53:01 UTC] Modern Metals: Included testimonials-widget.php
[11-Jul-2025 15:53:01 UTC] Modern Metals: Included contact-widget.php
[11-Jul-2025 15:53:01 UTC] Modern Metals: Successfully registered Modern_Metals_Hero_Widget
[11-Jul-2025 15:53:01 UTC] Modern Metals: Successfully registered Modern_Metals_Introduction_Widget
[11-Jul-2025 15:53:01 UTC] Modern Metals: Successfully registered Modern_Metals_Gallery_Widget
[11-Jul-2025 15:53:01 UTC] Modern Metals: Successfully registered Modern_Metals_Accordion_Widget
[11-Jul-2025 15:53:01 UTC] Modern Metals: Successfully registered Modern_Metals_Team_Widget
[11-Jul-2025 15:53:01 UTC] Modern Metals: Successfully registered Modern_Metals_Testimonials_Widget
[11-Jul-2025 15:53:01 UTC] Modern Metals: Successfully registered Modern_Metals_Contact_Widget
[11-Jul-2025 15:53:01 UTC] Modern Metals: Direct widget registration completed
[11-Jul-2025 15:55:16 UTC] Modern Metals: Widget registration hook fired
[11-Jul-2025 15:55:16 UTC] Modern Metals: Base widget included
[11-Jul-2025 15:55:16 UTC] Modern Metals: Included hero-widget.php
[11-Jul-2025 15:55:16 UTC] Modern Metals: Included introduction-widget.php
[11-Jul-2025 15:55:16 UTC] Modern Metals: Included gallery-widget.php
[11-Jul-2025 15:55:16 UTC] Modern Metals: Included accordion-widget.php
[11-Jul-2025 15:55:16 UTC] Modern Metals: Included team-widget.php
[11-Jul-2025 15:55:16 UTC] Modern Metals: Included testimonials-widget.php
[11-Jul-2025 15:55:16 UTC] Modern Metals: Included contact-widget.php
[11-Jul-2025 15:55:16 UTC] Modern Metals: Successfully registered Modern_Metals_Hero_Widget
[11-Jul-2025 15:55:16 UTC] Modern Metals: Successfully registered Modern_Metals_Introduction_Widget
[11-Jul-2025 15:55:16 UTC] Modern Metals: Successfully registered Modern_Metals_Gallery_Widget
[11-Jul-2025 15:55:16 UTC] Modern Metals: Successfully registered Modern_Metals_Accordion_Widget
[11-Jul-2025 15:55:16 UTC] Modern Metals: Successfully registered Modern_Metals_Team_Widget
[11-Jul-2025 15:55:16 UTC] Modern Metals: Successfully registered Modern_Metals_Testimonials_Widget
[11-Jul-2025 15:55:16 UTC] Modern Metals: Successfully registered Modern_Metals_Contact_Widget
[11-Jul-2025 15:55:16 UTC] Modern Metals: Direct widget registration completed
[11-Jul-2025 15:59:24 UTC] Modern Metals: Widget registration hook fired
[11-Jul-2025 15:59:24 UTC] Modern Metals: Base widget included
[11-Jul-2025 15:59:24 UTC] Modern Metals: Included hero-widget.php
[11-Jul-2025 15:59:24 UTC] Modern Metals: Included introduction-widget.php
[11-Jul-2025 15:59:24 UTC] Modern Metals: Included gallery-widget.php
[11-Jul-2025 15:59:24 UTC] Modern Metals: Included accordion-widget.php
[11-Jul-2025 15:59:24 UTC] Modern Metals: Included team-widget.php
[11-Jul-2025 15:59:24 UTC] Modern Metals: Included testimonials-widget.php
[11-Jul-2025 15:59:24 UTC] Modern Metals: Included contact-widget.php
[11-Jul-2025 15:59:24 UTC] Modern Metals: Successfully registered Modern_Metals_Hero_Widget
[11-Jul-2025 15:59:24 UTC] Modern Metals: Successfully registered Modern_Metals_Introduction_Widget
[11-Jul-2025 15:59:24 UTC] Modern Metals: Successfully registered Modern_Metals_Gallery_Widget
[11-Jul-2025 15:59:24 UTC] Modern Metals: Successfully registered Modern_Metals_Accordion_Widget
[11-Jul-2025 15:59:24 UTC] Modern Metals: Successfully registered Modern_Metals_Team_Widget
[11-Jul-2025 15:59:24 UTC] Modern Metals: Successfully registered Modern_Metals_Testimonials_Widget
[11-Jul-2025 15:59:24 UTC] Modern Metals: Successfully registered Modern_Metals_Contact_Widget
[11-Jul-2025 15:59:24 UTC] Modern Metals: Direct widget registration completed
[11-Jul-2025 16:01:39 UTC] Modern Metals: Adding widget category
[11-Jul-2025 16:01:39 UTC] Modern Metals: Widget registration hook fired
[11-Jul-2025 16:01:39 UTC] Modern Metals: Base widget included
[11-Jul-2025 16:01:39 UTC] Modern Metals: Included hero-widget.php
[11-Jul-2025 16:01:39 UTC] Modern Metals: Included introduction-widget.php
[11-Jul-2025 16:01:39 UTC] Modern Metals: Included gallery-widget.php
[11-Jul-2025 16:01:39 UTC] Modern Metals: Included accordion-widget.php
[11-Jul-2025 16:01:39 UTC] Modern Metals: Included team-widget.php
[11-Jul-2025 16:01:39 UTC] Modern Metals: Included testimonials-widget.php
[11-Jul-2025 16:01:39 UTC] Modern Metals: Included contact-widget.php
[11-Jul-2025 16:01:39 UTC] Modern Metals: Successfully registered Modern_Metals_Hero_Widget
[11-Jul-2025 16:01:39 UTC] Modern Metals: Successfully registered Modern_Metals_Introduction_Widget
[11-Jul-2025 16:01:39 UTC] Modern Metals: Successfully registered Modern_Metals_Gallery_Widget
[11-Jul-2025 16:01:39 UTC] Modern Metals: Successfully registered Modern_Metals_Accordion_Widget
[11-Jul-2025 16:01:39 UTC] Modern Metals: Successfully registered Modern_Metals_Team_Widget
[11-Jul-2025 16:01:39 UTC] Modern Metals: Successfully registered Modern_Metals_Testimonials_Widget
[11-Jul-2025 16:01:39 UTC] Modern Metals: Successfully registered Modern_Metals_Contact_Widget
[11-Jul-2025 16:01:39 UTC] Modern Metals: Direct widget registration completed
[11-Jul-2025 16:01:40 UTC] Modern Metals: Widget registration hook fired
[11-Jul-2025 16:01:40 UTC] Modern Metals: Base widget included
[11-Jul-2025 16:01:40 UTC] Modern Metals: Included hero-widget.php
[11-Jul-2025 16:01:40 UTC] Modern Metals: Included introduction-widget.php
[11-Jul-2025 16:01:40 UTC] Modern Metals: Included gallery-widget.php
[11-Jul-2025 16:01:40 UTC] Modern Metals: Included accordion-widget.php
[11-Jul-2025 16:01:40 UTC] Modern Metals: Included team-widget.php
[11-Jul-2025 16:01:40 UTC] Modern Metals: Included testimonials-widget.php
[11-Jul-2025 16:01:40 UTC] Modern Metals: Included contact-widget.php
[11-Jul-2025 16:01:40 UTC] Modern Metals: Successfully registered Modern_Metals_Hero_Widget
[11-Jul-2025 16:01:40 UTC] Modern Metals: Successfully registered Modern_Metals_Introduction_Widget
[11-Jul-2025 16:01:40 UTC] Modern Metals: Successfully registered Modern_Metals_Gallery_Widget
[11-Jul-2025 16:01:40 UTC] Modern Metals: Successfully registered Modern_Metals_Accordion_Widget
[11-Jul-2025 16:01:40 UTC] Modern Metals: Successfully registered Modern_Metals_Team_Widget
[11-Jul-2025 16:01:40 UTC] Modern Metals: Successfully registered Modern_Metals_Testimonials_Widget
[11-Jul-2025 16:01:40 UTC] Modern Metals: Successfully registered Modern_Metals_Contact_Widget
[11-Jul-2025 16:01:40 UTC] Modern Metals: Direct widget registration completed
[11-Jul-2025 16:01:40 UTC] Modern Metals: Widget registration hook fired
[11-Jul-2025 16:01:40 UTC] Modern Metals: Base widget included
[11-Jul-2025 16:01:40 UTC] Modern Metals: Included hero-widget.php
[11-Jul-2025 16:01:40 UTC] Modern Metals: Included introduction-widget.php
[11-Jul-2025 16:01:40 UTC] Modern Metals: Included gallery-widget.php
[11-Jul-2025 16:01:40 UTC] Modern Metals: Included accordion-widget.php
[11-Jul-2025 16:01:40 UTC] Modern Metals: Included team-widget.php
[11-Jul-2025 16:01:40 UTC] Modern Metals: Included testimonials-widget.php
[11-Jul-2025 16:01:40 UTC] Modern Metals: Included contact-widget.php
[11-Jul-2025 16:01:40 UTC] Modern Metals: Successfully registered Modern_Metals_Hero_Widget
[11-Jul-2025 16:01:40 UTC] Modern Metals: Successfully registered Modern_Metals_Introduction_Widget
[11-Jul-2025 16:01:40 UTC] Modern Metals: Successfully registered Modern_Metals_Gallery_Widget
[11-Jul-2025 16:01:40 UTC] Modern Metals: Successfully registered Modern_Metals_Accordion_Widget
[11-Jul-2025 16:01:40 UTC] Modern Metals: Successfully registered Modern_Metals_Team_Widget
[11-Jul-2025 16:01:40 UTC] Modern Metals: Successfully registered Modern_Metals_Testimonials_Widget
[11-Jul-2025 16:01:40 UTC] Modern Metals: Successfully registered Modern_Metals_Contact_Widget
[11-Jul-2025 16:01:40 UTC] Modern Metals: Direct widget registration completed
[11-Jul-2025 16:04:05 UTC] Modern Metals: Widget registration hook fired
[11-Jul-2025 16:04:05 UTC] Modern Metals: Base widget included
[11-Jul-2025 16:04:05 UTC] Modern Metals: Included hero-widget.php
[11-Jul-2025 16:04:05 UTC] Modern Metals: Included introduction-widget.php
[11-Jul-2025 16:04:05 UTC] Modern Metals: Included gallery-widget.php
[11-Jul-2025 16:04:05 UTC] Modern Metals: Included accordion-widget.php
[11-Jul-2025 16:04:05 UTC] Modern Metals: Included team-widget.php
[11-Jul-2025 16:04:05 UTC] Modern Metals: Included testimonials-widget.php
[11-Jul-2025 16:04:05 UTC] Modern Metals: Included contact-widget.php
[11-Jul-2025 16:04:05 UTC] Modern Metals: Successfully registered Modern_Metals_Hero_Widget
[11-Jul-2025 16:04:05 UTC] Modern Metals: Successfully registered Modern_Metals_Introduction_Widget
[11-Jul-2025 16:04:05 UTC] Modern Metals: Successfully registered Modern_Metals_Gallery_Widget
[11-Jul-2025 16:04:05 UTC] Modern Metals: Successfully registered Modern_Metals_Accordion_Widget
[11-Jul-2025 16:04:05 UTC] Modern Metals: Successfully registered Modern_Metals_Team_Widget
[11-Jul-2025 16:04:05 UTC] Modern Metals: Successfully registered Modern_Metals_Testimonials_Widget
[11-Jul-2025 16:04:05 UTC] Modern Metals: Successfully registered Modern_Metals_Contact_Widget
[11-Jul-2025 16:04:05 UTC] Modern Metals: Direct widget registration completed
[11-Jul-2025 16:09:14 UTC] Modern Metals: Widget registration hook fired
[11-Jul-2025 16:09:14 UTC] Modern Metals: Base widget included
[11-Jul-2025 16:09:14 UTC] Modern Metals: Included hero-widget.php
[11-Jul-2025 16:09:14 UTC] Modern Metals: Included introduction-widget.php
[11-Jul-2025 16:09:14 UTC] Modern Metals: Included gallery-widget.php
[11-Jul-2025 16:09:14 UTC] Modern Metals: Included accordion-widget.php
[11-Jul-2025 16:09:14 UTC] Modern Metals: Included team-widget.php
[11-Jul-2025 16:09:14 UTC] Modern Metals: Included testimonials-widget.php
[11-Jul-2025 16:09:14 UTC] Modern Metals: Included contact-widget.php
[11-Jul-2025 16:09:14 UTC] Modern Metals: Successfully registered Modern_Metals_Hero_Widget
[11-Jul-2025 16:09:14 UTC] Modern Metals: Successfully registered Modern_Metals_Introduction_Widget
[11-Jul-2025 16:09:14 UTC] Modern Metals: Successfully registered Modern_Metals_Gallery_Widget
[11-Jul-2025 16:09:14 UTC] Modern Metals: Successfully registered Modern_Metals_Accordion_Widget
[11-Jul-2025 16:09:14 UTC] Modern Metals: Successfully registered Modern_Metals_Team_Widget
[11-Jul-2025 16:09:14 UTC] Modern Metals: Successfully registered Modern_Metals_Testimonials_Widget
[11-Jul-2025 16:09:14 UTC] Modern Metals: Successfully registered Modern_Metals_Contact_Widget
[11-Jul-2025 16:09:14 UTC] Modern Metals: Direct widget registration completed
[11-Jul-2025 16:12:26 UTC] Modern Metals: Widget registration hook fired
[11-Jul-2025 16:12:26 UTC] Modern Metals: Base widget included
[11-Jul-2025 16:12:26 UTC] Modern Metals: Included hero-widget.php
[11-Jul-2025 16:12:26 UTC] Modern Metals: Included introduction-widget.php
[11-Jul-2025 16:12:26 UTC] Modern Metals: Included gallery-widget.php
[11-Jul-2025 16:12:26 UTC] Modern Metals: Included accordion-widget.php
[11-Jul-2025 16:12:26 UTC] Modern Metals: Included team-widget.php
[11-Jul-2025 16:12:26 UTC] Modern Metals: Included testimonials-widget.php
[11-Jul-2025 16:12:26 UTC] Modern Metals: Included contact-widget.php
[11-Jul-2025 16:12:26 UTC] Modern Metals: Successfully registered Modern_Metals_Hero_Widget
[11-Jul-2025 16:12:26 UTC] Modern Metals: Successfully registered Modern_Metals_Introduction_Widget
[11-Jul-2025 16:12:26 UTC] Modern Metals: Successfully registered Modern_Metals_Gallery_Widget
[11-Jul-2025 16:12:26 UTC] Modern Metals: Successfully registered Modern_Metals_Accordion_Widget
[11-Jul-2025 16:12:26 UTC] Modern Metals: Successfully registered Modern_Metals_Team_Widget
[11-Jul-2025 16:12:26 UTC] Modern Metals: Successfully registered Modern_Metals_Testimonials_Widget
[11-Jul-2025 16:12:26 UTC] Modern Metals: Successfully registered Modern_Metals_Contact_Widget
[11-Jul-2025 16:12:26 UTC] Modern Metals: Direct widget registration completed
[11-Jul-2025 16:12:27 UTC] Modern Metals: Adding widget category
[11-Jul-2025 16:12:27 UTC] Modern Metals: Widget registration hook fired
[11-Jul-2025 16:12:27 UTC] Modern Metals: Base widget included
[11-Jul-2025 16:12:27 UTC] Modern Metals: Included hero-widget.php
[11-Jul-2025 16:12:27 UTC] Modern Metals: Included introduction-widget.php
[11-Jul-2025 16:12:27 UTC] Modern Metals: Included gallery-widget.php
[11-Jul-2025 16:12:27 UTC] Modern Metals: Included accordion-widget.php
[11-Jul-2025 16:12:27 UTC] Modern Metals: Included team-widget.php
[11-Jul-2025 16:12:27 UTC] Modern Metals: Included testimonials-widget.php
[11-Jul-2025 16:12:27 UTC] Modern Metals: Included contact-widget.php
[11-Jul-2025 16:12:27 UTC] Modern Metals: Successfully registered Modern_Metals_Hero_Widget
[11-Jul-2025 16:12:27 UTC] Modern Metals: Successfully registered Modern_Metals_Introduction_Widget
[11-Jul-2025 16:12:27 UTC] Modern Metals: Successfully registered Modern_Metals_Gallery_Widget
[11-Jul-2025 16:12:27 UTC] Modern Metals: Successfully registered Modern_Metals_Accordion_Widget
[11-Jul-2025 16:12:27 UTC] Modern Metals: Successfully registered Modern_Metals_Team_Widget
[11-Jul-2025 16:12:27 UTC] Modern Metals: Successfully registered Modern_Metals_Testimonials_Widget
[11-Jul-2025 16:12:27 UTC] Modern Metals: Successfully registered Modern_Metals_Contact_Widget
[11-Jul-2025 16:12:27 UTC] Modern Metals: Direct widget registration completed
[11-Jul-2025 16:12:28 UTC] Modern Metals: Widget registration hook fired
[11-Jul-2025 16:12:28 UTC] Modern Metals: Base widget included
[11-Jul-2025 16:12:28 UTC] Modern Metals: Included hero-widget.php
[11-Jul-2025 16:12:28 UTC] Modern Metals: Included introduction-widget.php
[11-Jul-2025 16:12:28 UTC] Modern Metals: Included gallery-widget.php
[11-Jul-2025 16:12:28 UTC] Modern Metals: Included accordion-widget.php
[11-Jul-2025 16:12:28 UTC] Modern Metals: Included team-widget.php
[11-Jul-2025 16:12:28 UTC] Modern Metals: Included testimonials-widget.php
[11-Jul-2025 16:12:28 UTC] Modern Metals: Included contact-widget.php
[11-Jul-2025 16:12:28 UTC] Modern Metals: Successfully registered Modern_Metals_Hero_Widget
[11-Jul-2025 16:12:28 UTC] Modern Metals: Successfully registered Modern_Metals_Introduction_Widget
[11-Jul-2025 16:12:28 UTC] Modern Metals: Successfully registered Modern_Metals_Gallery_Widget
[11-Jul-2025 16:12:28 UTC] Modern Metals: Successfully registered Modern_Metals_Accordion_Widget
[11-Jul-2025 16:12:28 UTC] Modern Metals: Successfully registered Modern_Metals_Team_Widget
[11-Jul-2025 16:12:28 UTC] Modern Metals: Successfully registered Modern_Metals_Testimonials_Widget
[11-Jul-2025 16:12:28 UTC] Modern Metals: Successfully registered Modern_Metals_Contact_Widget
[11-Jul-2025 16:12:28 UTC] Modern Metals: Direct widget registration completed
[11-Jul-2025 16:12:29 UTC] Modern Metals: Widget registration hook fired
[11-Jul-2025 16:12:29 UTC] Modern Metals: Base widget included
[11-Jul-2025 16:12:29 UTC] Modern Metals: Included hero-widget.php
[11-Jul-2025 16:12:29 UTC] Modern Metals: Included introduction-widget.php
[11-Jul-2025 16:12:29 UTC] Modern Metals: Included gallery-widget.php
[11-Jul-2025 16:12:29 UTC] Modern Metals: Included accordion-widget.php
[11-Jul-2025 16:12:29 UTC] Modern Metals: Included team-widget.php
[11-Jul-2025 16:12:29 UTC] Modern Metals: Included testimonials-widget.php
[11-Jul-2025 16:12:29 UTC] Modern Metals: Included contact-widget.php
[11-Jul-2025 16:12:29 UTC] Modern Metals: Successfully registered Modern_Metals_Hero_Widget
[11-Jul-2025 16:12:29 UTC] Modern Metals: Successfully registered Modern_Metals_Introduction_Widget
[11-Jul-2025 16:12:29 UTC] Modern Metals: Successfully registered Modern_Metals_Gallery_Widget
[11-Jul-2025 16:12:29 UTC] Modern Metals: Successfully registered Modern_Metals_Accordion_Widget
[11-Jul-2025 16:12:29 UTC] Modern Metals: Successfully registered Modern_Metals_Team_Widget
[11-Jul-2025 16:12:29 UTC] Modern Metals: Successfully registered Modern_Metals_Testimonials_Widget
[11-Jul-2025 16:12:29 UTC] Modern Metals: Successfully registered Modern_Metals_Contact_Widget
[11-Jul-2025 16:12:29 UTC] Modern Metals: Direct widget registration completed
[11-Jul-2025 16:13:46 UTC] Modern Metals: Widget registration hook fired
[11-Jul-2025 16:13:46 UTC] Modern Metals: Base widget included
[11-Jul-2025 16:13:46 UTC] Modern Metals: Included hero-widget.php
[11-Jul-2025 16:13:46 UTC] Modern Metals: Included introduction-widget.php
[11-Jul-2025 16:13:46 UTC] Modern Metals: Included gallery-widget.php
[11-Jul-2025 16:13:46 UTC] Modern Metals: Included accordion-widget.php
[11-Jul-2025 16:13:46 UTC] Modern Metals: Included team-widget.php
[11-Jul-2025 16:13:46 UTC] Modern Metals: Included testimonials-widget.php
[11-Jul-2025 16:13:46 UTC] Modern Metals: Included contact-widget.php
[11-Jul-2025 16:13:46 UTC] Modern Metals: Successfully registered Modern_Metals_Hero_Widget
[11-Jul-2025 16:13:46 UTC] Modern Metals: Successfully registered Modern_Metals_Introduction_Widget
[11-Jul-2025 16:13:46 UTC] Modern Metals: Successfully registered Modern_Metals_Gallery_Widget
[11-Jul-2025 16:13:46 UTC] Modern Metals: Successfully registered Modern_Metals_Accordion_Widget
[11-Jul-2025 16:13:46 UTC] Modern Metals: Successfully registered Modern_Metals_Team_Widget
[11-Jul-2025 16:13:46 UTC] Modern Metals: Successfully registered Modern_Metals_Testimonials_Widget
[11-Jul-2025 16:13:46 UTC] Modern Metals: Successfully registered Modern_Metals_Contact_Widget
[11-Jul-2025 16:13:46 UTC] Modern Metals: Direct widget registration completed
[11-Jul-2025 16:15:00 UTC] Modern Metals: Widget registration hook fired
[11-Jul-2025 16:15:00 UTC] Modern Metals: Base widget included
[11-Jul-2025 16:15:00 UTC] Modern Metals: Included hero-widget.php
[11-Jul-2025 16:15:00 UTC] Modern Metals: Included introduction-widget.php
[11-Jul-2025 16:15:00 UTC] Modern Metals: Included gallery-widget.php
[11-Jul-2025 16:15:00 UTC] Modern Metals: Included accordion-widget.php
[11-Jul-2025 16:15:00 UTC] Modern Metals: Included team-widget.php
[11-Jul-2025 16:15:00 UTC] Modern Metals: Included testimonials-widget.php
[11-Jul-2025 16:15:00 UTC] Modern Metals: Included contact-widget.php
[11-Jul-2025 16:15:00 UTC] Modern Metals: Successfully registered Modern_Metals_Hero_Widget
[11-Jul-2025 16:15:00 UTC] Modern Metals: Successfully registered Modern_Metals_Introduction_Widget
[11-Jul-2025 16:15:00 UTC] Modern Metals: Successfully registered Modern_Metals_Gallery_Widget
[11-Jul-2025 16:15:00 UTC] Modern Metals: Successfully registered Modern_Metals_Accordion_Widget
[11-Jul-2025 16:15:00 UTC] Modern Metals: Successfully registered Modern_Metals_Team_Widget
[11-Jul-2025 16:15:00 UTC] Modern Metals: Successfully registered Modern_Metals_Testimonials_Widget
[11-Jul-2025 16:15:00 UTC] Modern Metals: Successfully registered Modern_Metals_Contact_Widget
[11-Jul-2025 16:15:00 UTC] Modern Metals: Direct widget registration completed
[11-Jul-2025 16:15:23 UTC] Modern Metals: Widget registration hook fired
[11-Jul-2025 16:15:23 UTC] Modern Metals: Base widget included
[11-Jul-2025 16:15:23 UTC] Modern Metals: Included hero-widget.php
[11-Jul-2025 16:15:23 UTC] Modern Metals: Included introduction-widget.php
[11-Jul-2025 16:15:23 UTC] Modern Metals: Included gallery-widget.php
[11-Jul-2025 16:15:23 UTC] Modern Metals: Included accordion-widget.php
[11-Jul-2025 16:15:23 UTC] Modern Metals: Included team-widget.php
[11-Jul-2025 16:15:23 UTC] Modern Metals: Included testimonials-widget.php
[11-Jul-2025 16:15:23 UTC] Modern Metals: Included contact-widget.php
[11-Jul-2025 16:15:23 UTC] Modern Metals: Successfully registered Modern_Metals_Hero_Widget
[11-Jul-2025 16:15:23 UTC] Modern Metals: Successfully registered Modern_Metals_Introduction_Widget
[11-Jul-2025 16:15:23 UTC] Modern Metals: Successfully registered Modern_Metals_Gallery_Widget
[11-Jul-2025 16:15:23 UTC] Modern Metals: Successfully registered Modern_Metals_Accordion_Widget
[11-Jul-2025 16:15:23 UTC] Modern Metals: Successfully registered Modern_Metals_Team_Widget
[11-Jul-2025 16:15:23 UTC] Modern Metals: Successfully registered Modern_Metals_Testimonials_Widget
[11-Jul-2025 16:15:23 UTC] Modern Metals: Successfully registered Modern_Metals_Contact_Widget
[11-Jul-2025 16:15:23 UTC] Modern Metals: Direct widget registration completed
[11-Jul-2025 16:15:29 UTC] Modern Metals: Adding widget category
[11-Jul-2025 16:15:29 UTC] Modern Metals: Widget registration hook fired
[11-Jul-2025 16:15:29 UTC] Modern Metals: Base widget included
[11-Jul-2025 16:15:29 UTC] Modern Metals: Included hero-widget.php
[11-Jul-2025 16:15:29 UTC] Modern Metals: Included introduction-widget.php
[11-Jul-2025 16:15:29 UTC] Modern Metals: Included gallery-widget.php
[11-Jul-2025 16:15:29 UTC] Modern Metals: Included accordion-widget.php
[11-Jul-2025 16:15:29 UTC] Modern Metals: Included team-widget.php
[11-Jul-2025 16:15:29 UTC] Modern Metals: Included testimonials-widget.php
[11-Jul-2025 16:15:29 UTC] Modern Metals: Included contact-widget.php
[11-Jul-2025 16:15:29 UTC] Modern Metals: Successfully registered Modern_Metals_Hero_Widget
[11-Jul-2025 16:15:29 UTC] Modern Metals: Successfully registered Modern_Metals_Introduction_Widget
[11-Jul-2025 16:15:29 UTC] Modern Metals: Successfully registered Modern_Metals_Gallery_Widget
[11-Jul-2025 16:15:29 UTC] Modern Metals: Successfully registered Modern_Metals_Accordion_Widget
[11-Jul-2025 16:15:29 UTC] Modern Metals: Successfully registered Modern_Metals_Team_Widget
[11-Jul-2025 16:15:29 UTC] Modern Metals: Successfully registered Modern_Metals_Testimonials_Widget
[11-Jul-2025 16:15:29 UTC] Modern Metals: Successfully registered Modern_Metals_Contact_Widget
[11-Jul-2025 16:15:29 UTC] Modern Metals: Direct widget registration completed
[11-Jul-2025 16:15:30 UTC] Modern Metals: Widget registration hook fired
[11-Jul-2025 16:15:30 UTC] Modern Metals: Base widget included
[11-Jul-2025 16:15:30 UTC] Modern Metals: Included hero-widget.php
[11-Jul-2025 16:15:30 UTC] Modern Metals: Included introduction-widget.php
[11-Jul-2025 16:15:30 UTC] Modern Metals: Included gallery-widget.php
[11-Jul-2025 16:15:30 UTC] Modern Metals: Included accordion-widget.php
[11-Jul-2025 16:15:30 UTC] Modern Metals: Included team-widget.php
[11-Jul-2025 16:15:30 UTC] Modern Metals: Included testimonials-widget.php
[11-Jul-2025 16:15:30 UTC] Modern Metals: Included contact-widget.php
[11-Jul-2025 16:15:30 UTC] Modern Metals: Successfully registered Modern_Metals_Hero_Widget
[11-Jul-2025 16:15:30 UTC] Modern Metals: Successfully registered Modern_Metals_Introduction_Widget
[11-Jul-2025 16:15:30 UTC] Modern Metals: Successfully registered Modern_Metals_Gallery_Widget
[11-Jul-2025 16:15:30 UTC] Modern Metals: Successfully registered Modern_Metals_Accordion_Widget
[11-Jul-2025 16:15:30 UTC] Modern Metals: Successfully registered Modern_Metals_Team_Widget
[11-Jul-2025 16:15:30 UTC] Modern Metals: Successfully registered Modern_Metals_Testimonials_Widget
[11-Jul-2025 16:15:30 UTC] Modern Metals: Successfully registered Modern_Metals_Contact_Widget
[11-Jul-2025 16:15:30 UTC] Modern Metals: Direct widget registration completed
[11-Jul-2025 16:15:30 UTC] Modern Metals: Widget registration hook fired
[11-Jul-2025 16:15:30 UTC] Modern Metals: Base widget included
[11-Jul-2025 16:15:30 UTC] Modern Metals: Included hero-widget.php
[11-Jul-2025 16:15:30 UTC] Modern Metals: Included introduction-widget.php
[11-Jul-2025 16:15:30 UTC] Modern Metals: Included gallery-widget.php
[11-Jul-2025 16:15:30 UTC] Modern Metals: Included accordion-widget.php
[11-Jul-2025 16:15:30 UTC] Modern Metals: Included team-widget.php
[11-Jul-2025 16:15:30 UTC] Modern Metals: Included testimonials-widget.php
[11-Jul-2025 16:15:30 UTC] Modern Metals: Included contact-widget.php
[11-Jul-2025 16:15:30 UTC] Modern Metals: Successfully registered Modern_Metals_Hero_Widget
[11-Jul-2025 16:15:30 UTC] Modern Metals: Successfully registered Modern_Metals_Introduction_Widget
[11-Jul-2025 16:15:30 UTC] Modern Metals: Successfully registered Modern_Metals_Gallery_Widget
[11-Jul-2025 16:15:30 UTC] Modern Metals: Successfully registered Modern_Metals_Accordion_Widget
[11-Jul-2025 16:15:30 UTC] Modern Metals: Successfully registered Modern_Metals_Team_Widget
[11-Jul-2025 16:15:30 UTC] Modern Metals: Successfully registered Modern_Metals_Testimonials_Widget
[11-Jul-2025 16:15:30 UTC] Modern Metals: Successfully registered Modern_Metals_Contact_Widget
[11-Jul-2025 16:15:30 UTC] Modern Metals: Direct widget registration completed
